<?xml version="1.0" encoding="UTF-8"?>
<testng-results skipped="0" failed="0" total="1" passed="1">
  <reporter-output>
  </reporter-output>
  <suite name="Default suite" duration-ms="23" started-at="2014-10-17T11:54:21Z" finished-at="2014-10-17T11:54:21Z">
    <groups>
    </groups>
    <test name="testing" duration-ms="23" started-at="2014-10-17T11:54:21Z" finished-at="2014-10-17T11:54:21Z">
      <class name="anttest.helloworld">
        <test-method status="PASS" signature="testecho()[pri:0, instance:anttest.helloworld@6cb00c4a]" name="testecho" duration-ms="10" started-at="2014-10-17T19:54:21Z" finished-at="2014-10-17T19:54:21Z">
          <reporter-output>
          </reporter-output>
        </test-method> <!-- testecho -->
      </class> <!-- anttest.helloworld -->
    </test> <!-- testing -->
  </suite> <!-- Default suite -->
</testng-results>
